2024-01-23 13:10:17,827 - PROXY HANDLER - INFO - ******************************
2024-01-23 13:10:17,827 - PROXY HANDLER - INFO - COMMENCING PROXY LIST CHECK
2024-01-23 13:10:30,765 - PROXY HANDLER - INFO - CURRENT WORKING PROXY LIST:
103.83.232.122:80
111.59.4.88:9002
113.161.131.43:80
120.37.121.209:9091
106.105.218.244:80
103.83.232.122:80

2024-01-23 13:10:30,766 - WEBSCRAPER-REQUEST - INFO - SESSION REQUEST INITIALIZED:
	headers: {'user-agent': 'Mozilla/5.0 (Macintosh; Intel Mac OS X 10_8_0) AppleWebKit/537.36 (KHTML, like Gecko) Chrome/32.0.1664.3 Safari/537.36', 'Accept-Encoding': 'gzip, deflate', 'Accept': '*/*', 'Connection': 'keep-alive'}
	proxies: {'http': '103.83.232.122:80', 'https': '103.83.232.122:80'}
	cookies: <RequestsCookieJar[]>
	client side SSL cert: None
	can't be used to disable SSL certificate checks: True
	additional URL query params: {}

2024-01-23 13:10:30,768 - WEBSCRAPER-REQUEST - INFO - SESSION REQUEST RE-PARAMETERIZED:
	headers: {'user-agent': 'Mozilla/5.0 (Windows NT 10.0; Win64; x64) AppleWebKit/537.36 (KHTML like Gecko) Chrome/46.0.2486.0 Safari/537.36 Edge/13.10586', 'Accept-Encoding': 'gzip, deflate', 'Accept': '*/*', 'Connection': 'keep-alive'}
	proxies: {'http': '111.59.4.88:9002', 'https': '111.59.4.88:9002'}

2024-01-23 13:10:30,771 - WEBSCRAPER-REQUEST - INFO - SESSION REQUEST RE-PARAMETERIZED:
	headers: {'user-agent': 'Mozilla/5.0 (Windows NT 6.2; WOW64) AppleWebKit/537.36 (KHTML, like Gecko) Chrome/29.0.1547.2 Safari/537.36', 'Accept-Encoding': 'gzip, deflate', 'Accept': '*/*', 'Connection': 'keep-alive'}
	proxies: {'http': '113.161.131.43:80', 'https': '113.161.131.43:80'}

2024-01-23 13:10:30,773 - WEBSCRAPER-REQUEST - INFO - SESSION REQUEST RE-PARAMETERIZED:
	headers: {'user-agent': 'Mozilla/5.0 (Windows NT 5.1) AppleWebKit/537.36 (KHTML, like Gecko) Chrome/36.0.1985.67 Safari/537.36', 'Accept-Encoding': 'gzip, deflate', 'Accept': '*/*', 'Connection': 'keep-alive'}
	proxies: {'http': '120.37.121.209:9091', 'https': '120.37.121.209:9091'}

2024-01-23 13:10:30,774 - WEBSCRAPER-REQUEST - INFO - SESSION REQUEST RE-PARAMETERIZED:
	headers: {'user-agent': 'Mozilla/5.0 (Windows NT 6.1; WOW64) AppleWebKit/537.36 (KHTML, like Gecko) Chrome/41.0.2227.0 Safari/537.36', 'Accept-Encoding': 'gzip, deflate', 'Accept': '*/*', 'Connection': 'keep-alive'}
	proxies: {'http': '106.105.218.244:80', 'https': '106.105.218.244:80'}

2024-01-23 13:10:30,775 - WEBSCRAPER-REQUEST - INFO - SESSION REQUEST RE-PARAMETERIZED:
	headers: {'user-agent': 'Mozilla/5.0 (Macintosh; Intel Mac OS X 10_10_1) AppleWebKit/537.36 (KHTML, like Gecko) Chrome/41.0.2227.1 Safari/537.36', 'Accept-Encoding': 'gzip, deflate', 'Accept': '*/*', 'Connection': 'keep-alive'}
	proxies: {'http': '103.83.232.122:80', 'https': '103.83.232.122:80'}

2024-01-23 13:10:30,777 - WEBSCRAPER-REQUEST - INFO - SESSION REQUEST RE-PARAMETERIZED:
	headers: {'user-agent': 'Mozilla/5.0 (Windows NT 6.1; WOW64) AppleWebKit/537.36 (KHTML, like Gecko) Chrome/36.0.1985.67 Safari/537.36', 'Accept-Encoding': 'gzip, deflate', 'Accept': '*/*', 'Connection': 'keep-alive'}
	proxies: {'http': 'None', 'https': 'None'}

2024-01-23 13:10:30,778 - WEBSCRAPER-REQUEST - INFO - SESSION REQUEST RE-PARAMETERIZED:
	headers: {'user-agent': 'Mozilla/5.0 (Windows; U; Windows NT 6.0; fr-FR) AppleWebKit/533.18.1 (KHTML, like Gecko) Version/5.0.2 Safari/533.18.5', 'Accept-Encoding': 'gzip, deflate', 'Accept': '*/*', 'Connection': 'keep-alive'}
	proxies: {'http': 'None', 'https': 'None'}

2024-01-23 13:10:30,779 - MyAppLogger - INFO - This is an informational message.
2024-01-23 13:10:30,779 - MyAppLogger - WARNING - This is a warning message.
2024-01-23 13:10:30,779 - MyAppLogger - ERROR - This is an error message.
2024-01-23 13:12:53,221 - PROXY HANDLER - INFO - ******************************
2024-01-23 13:12:53,221 - PROXY HANDLER - INFO - COMMENCING PROXY LIST CHECK
2024-01-23 13:13:06,489 - PROXY HANDLER - INFO - CURRENT WORKING PROXY LIST:
103.83.232.122:80
111.59.4.88:9002
120.37.121.209:9091
122.155.165.191:3128
103.83.232.122:80
154.85.58.149:80

2024-01-23 13:13:06,489 - WEBSCRAPER-REQUEST - INFO - SESSION REQUEST INITIALIZED:
	headers: {'user-agent': 'Mozilla/5.0 (Windows NT 5.1; U; en; rv:1.8.1) Gecko/20061208 Firefox/5.0 Opera 11.11', 'Accept-Encoding': 'gzip, deflate', 'Accept': '*/*', 'Connection': 'keep-alive'}
	proxies: {'http': '103.83.232.122:80', 'https': '103.83.232.122:80'}
	cookies: <RequestsCookieJar[]>
	client side SSL cert: None
	can't be used to disable SSL certificate checks: True
	additional URL query params: {}

2024-01-23 13:13:06,491 - WEBSCRAPER-REQUEST - INFO - SESSION REQUEST RE-PARAMETERIZED:
	headers: {'user-agent': 'Mozilla/5.0 (X11; Linux x86_64) AppleWebKit/537.36 (KHTML, like Gecko) Chrome/41.0.2227.0 Safari/537.36', 'Accept-Encoding': 'gzip, deflate', 'Accept': '*/*', 'Connection': 'keep-alive'}
	proxies: {'http': '111.59.4.88:9002', 'https': '111.59.4.88:9002'}

2024-01-23 13:13:06,493 - WEBSCRAPER-REQUEST - INFO - SESSION REQUEST RE-PARAMETERIZED:
	headers: {'user-agent': 'Mozilla/5.0 (Windows NT 10.0) AppleWebKit/537.36 (KHTML, like Gecko) Chrome/40.0.2214.93 Safari/537.36', 'Accept-Encoding': 'gzip, deflate', 'Accept': '*/*', 'Connection': 'keep-alive'}
	proxies: {'http': '120.37.121.209:9091', 'https': '120.37.121.209:9091'}

2024-01-23 13:13:06,494 - WEBSCRAPER-REQUEST - INFO - SESSION REQUEST RE-PARAMETERIZED:
	headers: {'user-agent': 'Mozilla/5.0 (Macintosh; Intel Mac OS X 10_10_1) AppleWebKit/537.36 (KHTML, like Gecko) Chrome/41.0.2227.1 Safari/537.36', 'Accept-Encoding': 'gzip, deflate', 'Accept': '*/*', 'Connection': 'keep-alive'}
	proxies: {'http': '122.155.165.191:3128', 'https': '122.155.165.191:3128'}

2024-01-23 13:13:06,496 - WEBSCRAPER-REQUEST - INFO - SESSION REQUEST RE-PARAMETERIZED:
	headers: {'user-agent': 'Mozilla/5.0 (Windows NT 10.0; WOW64; rv:69.2.1) Gecko/20100101 Firefox/69.2', 'Accept-Encoding': 'gzip, deflate', 'Accept': '*/*', 'Connection': 'keep-alive'}
	proxies: {'http': '103.83.232.122:80', 'https': '103.83.232.122:80'}

2024-01-23 13:13:06,498 - WEBSCRAPER-REQUEST - INFO - SESSION REQUEST RE-PARAMETERIZED:
	headers: {'user-agent': 'Mozilla/5.0 (Windows NT 10.0; Win64; x64) AppleWebKit/537.36 (KHTML, like Gecko) Chrome/70.0.3538.102 Safari/537.36 Edge/18.19582', 'Accept-Encoding': 'gzip, deflate', 'Accept': '*/*', 'Connection': 'keep-alive'}
	proxies: {'http': '154.85.58.149:80', 'https': '154.85.58.149:80'}

2024-01-23 13:13:06,500 - WEBSCRAPER-REQUEST - INFO - SESSION REQUEST RE-PARAMETERIZED:
	headers: {'user-agent': 'Mozilla/5.0 (Macintosh; Intel Mac OS X 10_10_1) AppleWebKit/537.36 (KHTML, like Gecko) Chrome/37.0.2062.124 Safari/537.36', 'Accept-Encoding': 'gzip, deflate', 'Accept': '*/*', 'Connection': 'keep-alive'}
	proxies: {'http': 'None', 'https': 'None'}

2024-01-23 13:13:06,501 - WEBSCRAPER-REQUEST - INFO - SESSION REQUEST RE-PARAMETERIZED:
	headers: {'user-agent': 'Mozilla/5.0 (Macintosh; U; Intel Mac OS X 10_6_7; en-us) AppleWebKit/534.16+ (KHTML, like Gecko) Version/5.0.3 Safari/533.19.4', 'Accept-Encoding': 'gzip, deflate', 'Accept': '*/*', 'Connection': 'keep-alive'}
	proxies: {'http': 'None', 'https': 'None'}

2024-01-23 13:13:06,502 - MyAppLogger - INFO - This is an informational message.
2024-01-23 13:13:06,502 - MyAppLogger - WARNING - This is a warning message.
2024-01-23 13:13:06,502 - MyAppLogger - ERROR - This is an error message.
2024-01-23 13:20:23,283 - PROXY HANDLER - INFO - ******************************
2024-01-23 13:20:23,283 - PROXY HANDLER - INFO - COMMENCING PROXY LIST CHECK
2024-01-23 13:20:36,896 - PROXY HANDLER - INFO - CURRENT WORKING PROXY LIST:
103.83.232.122:80
111.59.4.88:9002
120.37.121.209:9091
103.83.232.122:80

2024-01-23 13:20:36,897 - WEBSCRAPER-REQUEST - INFO - SESSION REQUEST INITIALIZED:
	headers: {'user-agent': 'Mozilla/5.0 (Windows NT 6.1; Win64; x64; rv:28.0) Gecko/20100101 Firefox/31.0', 'Accept-Encoding': 'gzip, deflate', 'Accept': '*/*', 'Connection': 'keep-alive'}
	proxies: {'http': '103.83.232.122:80', 'https': '103.83.232.122:80'}
	cookies: <RequestsCookieJar[]>
	client side SSL cert: None
	can't be used to disable SSL certificate checks: True
	additional URL query params: {}

2024-01-23 13:20:36,899 - WEBSCRAPER-REQUEST-1 - INFO - SESSION REQUEST RE-PARAMETERIZED:
	headers: {'user-agent': 'Mozilla/5.0 (Windows NT 10.0; Win64; x64) AppleWebKit/537.36 (KHTML, like Gecko) Chrome/70.0.3538.77 Safari/537.36', 'Accept-Encoding': 'gzip, deflate', 'Accept': '*/*', 'Connection': 'keep-alive'}
	proxies: {'http': '111.59.4.88:9002', 'https': '111.59.4.88:9002'}

2024-01-23 13:20:36,902 - WEBSCRAPER-REQUEST-2 - INFO - SESSION REQUEST RE-PARAMETERIZED:
	headers: {'user-agent': 'Mozilla/5.0 (Macintosh; Intel Mac OS X 10_8_0) AppleWebKit/537.36 (KHTML, like Gecko) Chrome/32.0.1664.3 Safari/537.36', 'Accept-Encoding': 'gzip, deflate', 'Accept': '*/*', 'Connection': 'keep-alive'}
	proxies: {'http': '120.37.121.209:9091', 'https': '120.37.121.209:9091'}

2024-01-23 13:20:36,904 - WEBSCRAPER-REQUEST-3 - INFO - SESSION REQUEST RE-PARAMETERIZED:
	headers: {'user-agent': 'Mozilla/5.0 (Windows; U; Windows NT 6.1; ja-JP) AppleWebKit/533.20.25 (KHTML, like Gecko) Version/5.0.3 Safari/533.19.4', 'Accept-Encoding': 'gzip, deflate', 'Accept': '*/*', 'Connection': 'keep-alive'}
	proxies: {'http': '103.83.232.122:80', 'https': '103.83.232.122:80'}

2024-01-23 13:20:36,906 - WEBSCRAPER-REQUEST-4 - INFO - SESSION REQUEST RE-PARAMETERIZED:
	headers: {'user-agent': 'Mozilla/5.0 (Macintosh; Intel Mac OS X 10_8_4) AppleWebKit/537.36 (KHTML, like Gecko) Chrome/49.0.2656.18 Safari/537.36', 'Accept-Encoding': 'gzip, deflate', 'Accept': '*/*', 'Connection': 'keep-alive'}
	proxies: {'http': 'None', 'https': 'None'}

2024-01-23 13:20:36,908 - WEBSCRAPER-REQUEST-5 - INFO - SESSION REQUEST RE-PARAMETERIZED:
	headers: {'user-agent': 'Opera/9.80 (Windows NT 6.1; U; zh-cn) Presto/2.7.62 Version/11.01', 'Accept-Encoding': 'gzip, deflate', 'Accept': '*/*', 'Connection': 'keep-alive'}
	proxies: {'http': 'None', 'https': 'None'}

2024-01-23 13:35:44,716 - WEBSCRAPER-REQUEST - INFO - SESSION REQUEST INITIALIZED:
	headers: {'user-agent': 'Mozilla/5.0 (Windows NT 6.3; WOW64) AppleWebKit/537.36 (KHTML, like Gecko) Chrome/41.0.2226.0 Safari/537.36', 'Accept-Encoding': 'gzip, deflate', 'Accept': '*/*', 'Connection': 'keep-alive'}
	proxies: {}
	cookies: <RequestsCookieJar[]>
	client side SSL cert: None
	can't be used to disable SSL certificate checks: True
	additional URL query params: {}

2024-01-23 13:36:04,732 - WEBSCRAPER-REQUEST - INFO - SESSION REQUEST INITIALIZED:
	headers: {'user-agent': 'Mozilla/5.0 (Windows NT 10.0; Win64; x64) AppleWebKit/537.36 (KHTML, like Gecko) Chrome/70.0.3538.102 Safari/537.36 Edge/18.19582', 'Accept-Encoding': 'gzip, deflate', 'Accept': '*/*', 'Connection': 'keep-alive'}
	proxies: {}
	cookies: <RequestsCookieJar[]>
	client side SSL cert: None
	can't be used to disable SSL certificate checks: True
	additional URL query params: {}

2024-01-23 13:36:50,895 - WEBSCRAPER-REQUEST - INFO - SESSION REQUEST INITIALIZED:
	headers: {'user-agent': 'Mozilla/5.0 (compatible; MSIE 9.0; Windows NT 6.0) Opera 12.14', 'Accept-Encoding': 'gzip, deflate', 'Accept': '*/*', 'Connection': 'keep-alive'}
	proxies: {}
	cookies: <RequestsCookieJar[]>
	client side SSL cert: None
	can't be used to disable SSL certificate checks: True
	additional URL query params: {}

2024-01-23 13:40:38,962 - WEBSCRAPER-REQUEST - INFO - SESSION REQUEST INITIALIZED:
	headers: {'user-agent': 'Mozilla/5.0 (Windows NT 6.4; WOW64) AppleWebKit/537.36 (KHTML, like Gecko) Chrome/41.0.2225.0 Safari/537.36', 'Accept-Encoding': 'gzip, deflate', 'Accept': '*/*', 'Connection': 'keep-alive'}
	proxies: {}
	cookies: <RequestsCookieJar[]>
	client side SSL cert: None
	can't be used to disable SSL certificate checks: True
	additional URL query params: {}

2024-01-23 13:40:50,090 - WEBSCRAPER-REQUEST - INFO - SESSION REQUEST INITIALIZED:
	headers: {'user-agent': 'Mozilla/5.0 (Macintosh; Intel Mac OS X 10_8_3) AppleWebKit/537.36 (KHTML, like Gecko) Chrome/54.0.2866.71 Safari/537.36', 'Accept-Encoding': 'gzip, deflate', 'Accept': '*/*', 'Connection': 'keep-alive'}
	proxies: {}
	cookies: <RequestsCookieJar[]>
	client side SSL cert: None
	can't be used to disable SSL certificate checks: True
	additional URL query params: {}

2024-01-23 13:43:01,119 - WEBSCRAPER-REQUEST - INFO - SESSION REQUEST INITIALIZED:
	headers: {'user-agent': 'Mozilla/5.0 (Macintosh; Intel Mac OS X 10_15_7) AppleWebKit/537.36 (KHTML, like Gecko) Chrome/104.0.5112.79 Safari/537.36', 'Accept-Encoding': 'gzip, deflate', 'Accept': '*/*', 'Connection': 'keep-alive'}
	proxies: {'http': '192.168.0.1:02', 'https': '192.168.0.1:02'}
	cookies: <RequestsCookieJar[]>
	client side SSL cert: None
	can't be used to disable SSL certificate checks: True
	additional URL query params: {}

2024-01-23 13:44:31,752 - WEBSCRAPER-REQUEST - INFO - SESSION REQUEST INITIALIZED:
	headers: {'user-agent': 'Mozilla/5.0 (X11; CrOS i686 4319.74.0) AppleWebKit/537.36 (KHTML, like Gecko) Chrome/29.0.1547.57 Safari/537.36', 'Accept-Encoding': 'gzip, deflate', 'Accept': '*/*', 'Connection': 'keep-alive'}
	proxies: {}
	cookies: <RequestsCookieJar[]>
	client side SSL cert: None
	can't be used to disable SSL certificate checks: True
	additional URL query params: {}

2024-01-23 13:44:41,327 - WEBSCRAPER-REQUEST - INFO - SESSION REQUEST INITIALIZED:
	headers: {'user-agent': 'Mozilla/5.0 (Macintosh; Intel Mac OS X 10_9_0) AppleWebKit/537.36 (KHTML, like Gecko) Chrome/32.0.1664.3 Safari/537.36', 'Accept-Encoding': 'gzip, deflate', 'Accept': '*/*', 'Connection': 'keep-alive'}
	proxies: {'http': '192.168.0.1:02', 'https': '192.168.0.1:02'}
	cookies: <RequestsCookieJar[]>
	client side SSL cert: None
	can't be used to disable SSL certificate checks: True
	additional URL query params: {}

2024-01-23 13:44:43,385 - WEBSCRAPER-REQUEST - WARNING - Failed to connect to proxy 192.168.0.1:02. HTTPSConnectionPool(host='pythonprogramming.net', port=443): Max retries exceeded with url: /parsememcparseface/ (Caused by ProxyError('Unable to connect to proxy', NewConnectionError('<urllib3.connection.HTTPSConnection object at 0x000001E92CE0E650>: Failed to establish a new connection: [WinError 10061] No connection could be made because the target machine actively refused it')))
2024-01-23 13:46:50,381 - WEBSCRAPER-REQUEST - INFO - SESSION REQUEST INITIALIZED:
	headers: {'user-agent': 'Mozilla/5.0 (Macintosh; Intel Mac OS X 10_8_0) AppleWebKit/537.36 (KHTML, like Gecko) Chrome/32.0.1664.3 Safari/537.36', 'Accept-Encoding': 'gzip, deflate', 'Accept': '*/*', 'Connection': 'keep-alive'}
	proxies: {'http': '192.168.0.1:02', 'https': '192.168.0.1:02'}
	cookies: <RequestsCookieJar[]>
	client side SSL cert: None
	can't be used to disable SSL certificate checks: True
	additional URL query params: {}

2024-01-23 13:46:52,444 - WEBSCRAPER-REQUEST-CONTENT - WARNING - Failed to connect to proxy 192.168.0.1:02. HTTPSConnectionPool(host='pythonprogramming.net', port=443): Max retries exceeded with url: /parsememcparseface/ (Caused by ProxyError('Unable to connect to proxy', NewConnectionError('<urllib3.connection.HTTPSConnection object at 0x000001791061F890>: Failed to establish a new connection: [WinError 10061] No connection could be made because the target machine actively refused it')))
2024-01-23 13:47:27,955 - WEBSCRAPER-REQUEST - INFO - SESSION REQUEST INITIALIZED:
	headers: {'user-agent': 'Mozilla/5.0 (Macintosh; Intel Mac OS X 10_9_2) AppleWebKit/537.36 (KHTML, like Gecko) Chrome/52.0.2762.73 Safari/537.36', 'Accept-Encoding': 'gzip, deflate', 'Accept': '*/*', 'Connection': 'keep-alive'}
	proxies: {'http': '192.168.0.1:02', 'https': '192.168.0.1:02'}
	cookies: <RequestsCookieJar[]>
	client side SSL cert: None
	can't be used to disable SSL certificate checks: True
	additional URL query params: {}

2024-01-23 13:47:30,008 - WEBSCRAPER-REQUEST - WARNING - Failed to connect to proxy 192.168.0.1:02. HTTPSConnectionPool(host='pythonprogramming.net', port=443): Max retries exceeded with url: /parsememcparseface/ (Caused by ProxyError('Unable to connect to proxy', NewConnectionError('<urllib3.connection.HTTPSConnection object at 0x00000195F952F890>: Failed to establish a new connection: [WinError 10061] No connection could be made because the target machine actively refused it')))
2024-01-23 14:10:27,063 - WEBSCRAPER-REQUEST - INFO - SESSION REQUEST INITIALIZED:
	headers: {'user-agent': 'Mozilla/5.0 (Windows NT 5.1) AppleWebKit/537.36 (KHTML, like Gecko) Chrome/34.0.1866.237 Safari/537.36', 'Accept-Encoding': 'gzip, deflate', 'Accept': '*/*', 'Connection': 'keep-alive'}
	proxies: {}
	cookies: <RequestsCookieJar[]>
	client side SSL cert: None
	can't be used to disable SSL certificate checks: True
	additional URL query params: {}

2024-01-23 14:10:27,766 - WEBSCRAPER-REQUEST - WARNING - Failed to connect to proxy None. Expecting value: line 1 column 1 (char 0)
2024-01-23 14:11:05,488 - WEBSCRAPER-REQUEST - INFO - SESSION REQUEST INITIALIZED:
	headers: {'user-agent': 'Mozilla/5.0 (Windows NT 5.1) AppleWebKit/537.36 (KHTML, like Gecko) Chrome/35.0.2117.157 Safari/537.36', 'Accept-Encoding': 'gzip, deflate', 'Accept': '*/*', 'Connection': 'keep-alive'}
	proxies: {}
	cookies: <RequestsCookieJar[]>
	client side SSL cert: None
	can't be used to disable SSL certificate checks: True
	additional URL query params: {}

2024-01-23 14:11:06,172 - WEBSCRAPER-REQUEST - WARNING - Failed to connect to proxy None. Expecting value: line 1 column 1 (char 0)
2024-01-23 14:12:08,746 - WEBSCRAPER-REQUEST - INFO - SESSION REQUEST INITIALIZED:
	headers: {'user-agent': 'Mozilla/5.0 (X11; Ubuntu; Linux i686 on x86_64) AppleWebKit/537.36 (KHTML, like Gecko) Chrome/53.0.2820.59 Safari/537.36', 'Accept-Encoding': 'gzip, deflate', 'Accept': '*/*', 'Connection': 'keep-alive'}
	proxies: {}
	cookies: <RequestsCookieJar[]>
	client side SSL cert: None
	can't be used to disable SSL certificate checks: True
	additional URL query params: {}

2024-01-23 14:13:02,911 - WEBSCRAPER-REQUEST - INFO - SESSION REQUEST INITIALIZED:
	headers: {'user-agent': 'Mozilla/5.0 (Macintosh; Intel Mac OS X 10_8_4) AppleWebKit/537.36 (KHTML, like Gecko) Chrome/49.0.2656.18 Safari/537.36', 'Accept-Encoding': 'gzip, deflate', 'Accept': '*/*', 'Connection': 'keep-alive'}
	proxies: {}
	cookies: <RequestsCookieJar[]>
	client side SSL cert: None
	can't be used to disable SSL certificate checks: True
	additional URL query params: {}

2024-01-23 14:13:24,852 - WEBSCRAPER-REQUEST - INFO - SESSION REQUEST INITIALIZED:
	headers: {'user-agent': 'Mozilla/5.0 (Macintosh; Intel Mac OS X 10_15_7) AppleWebKit/537.36 (KHTML, like Gecko) Chrome/104.0.5112.79 Safari/537.36', 'Accept-Encoding': 'gzip, deflate', 'Accept': '*/*', 'Connection': 'keep-alive'}
	proxies: {}
	cookies: <RequestsCookieJar[]>
	client side SSL cert: None
	can't be used to disable SSL certificate checks: True
	additional URL query params: {}

2024-01-23 14:13:44,125 - WEBSCRAPER-REQUEST - INFO - SESSION REQUEST INITIALIZED:
	headers: {'user-agent': 'Mozilla/5.0 (Windows NT 5.1) AppleWebKit/537.36 (KHTML, like Gecko) Chrome/36.0.1985.67 Safari/537.36', 'Accept-Encoding': 'gzip, deflate', 'Accept': '*/*', 'Connection': 'keep-alive'}
	proxies: {}
	cookies: <RequestsCookieJar[]>
	client side SSL cert: None
	can't be used to disable SSL certificate checks: True
	additional URL query params: {}

2024-01-23 14:14:38,740 - WEBSCRAPER-REQUEST - INFO - SESSION REQUEST INITIALIZED:
	headers: {'user-agent': 'Mozilla/5.0 (Macintosh; Intel Mac OS X 10_9_2) AppleWebKit/537.36 (KHTML, like Gecko) Chrome/52.0.2762.73 Safari/537.36', 'Accept-Encoding': 'gzip, deflate', 'Accept': '*/*', 'Connection': 'keep-alive'}
	proxies: {}
	cookies: <RequestsCookieJar[]>
	client side SSL cert: None
	can't be used to disable SSL certificate checks: True
	additional URL query params: {}

2024-01-23 14:15:23,013 - WEBSCRAPER-REQUEST - INFO - SESSION REQUEST INITIALIZED:
	headers: {'user-agent': 'Mozilla/5.0 (Macintosh; Intel Mac OS X 10_9_0) AppleWebKit/537.36 (KHTML, like Gecko) Chrome/32.0.1664.3 Safari/537.36', 'Accept-Encoding': 'gzip, deflate', 'Accept': '*/*', 'Connection': 'keep-alive'}
	proxies: {}
	cookies: <RequestsCookieJar[]>
	client side SSL cert: None
	can't be used to disable SSL certificate checks: True
	additional URL query params: {}

2024-01-23 14:15:48,374 - WEBSCRAPER-REQUEST - INFO - SESSION REQUEST INITIALIZED:
	headers: {'user-agent': 'Mozilla/5.0 (Windows NT 6.3; Win64; x64) AppleWebKit/537.36 (KHTML, like Gecko) Chrome/37.0.2049.0 Safari/537.36', 'Accept-Encoding': 'gzip, deflate', 'Accept': '*/*', 'Connection': 'keep-alive'}
	proxies: {}
	cookies: <RequestsCookieJar[]>
	client side SSL cert: None
	can't be used to disable SSL certificate checks: True
	additional URL query params: {}

2024-01-23 14:16:08,658 - WEBSCRAPER-REQUEST - INFO - SESSION REQUEST INITIALIZED:
	headers: {'user-agent': 'Opera/9.80 (Windows NT 6.1; U; zh-cn) Presto/2.6.37 Version/11.00', 'Accept-Encoding': 'gzip, deflate', 'Accept': '*/*', 'Connection': 'keep-alive'}
	proxies: {}
	cookies: <RequestsCookieJar[]>
	client side SSL cert: None
	can't be used to disable SSL certificate checks: True
	additional URL query params: {}

2024-01-23 14:18:59,052 - WEBSCRAPER-REQUEST - INFO - SESSION REQUEST INITIALIZED:
	headers: {'user-agent': 'Mozilla/5.0 (Windows NT 5.1) AppleWebKit/537.36 (KHTML, like Gecko) Chrome/35.0.2117.157 Safari/537.36', 'Accept-Encoding': 'gzip, deflate', 'Accept': '*/*', 'Connection': 'keep-alive'}
	proxies: {}
	cookies: <RequestsCookieJar[]>
	client side SSL cert: None
	can't be used to disable SSL certificate checks: True
	additional URL query params: {}

2024-01-23 14:30:45,526 - WEBSCRAPER-REQUEST - INFO - SESSION REQUEST INITIALIZED:
	headers: {'user-agent': 'Mozilla/5.0 (Macintosh; Intel Mac OS X 10_9_2) AppleWebKit/537.36 (KHTML, like Gecko) Chrome/36.0.1944.0 Safari/537.36', 'Accept-Encoding': 'gzip, deflate', 'Accept': '*/*', 'Connection': 'keep-alive'}
	proxies: {}
	cookies: <RequestsCookieJar[]>
	client side SSL cert: None
	can't be used to disable SSL certificate checks: True
	additional URL query params: {}

2024-01-23 14:31:05,698 - WEBSCRAPER-REQUEST - INFO - SESSION REQUEST INITIALIZED:
	headers: {'user-agent': 'Mozilla/5.0 (Macintosh; Intel Mac OS X 10_9_2) AppleWebKit/537.36 (KHTML, like Gecko) Chrome/36.0.1944.0 Safari/537.36', 'Accept-Encoding': 'gzip, deflate', 'Accept': '*/*', 'Connection': 'keep-alive'}
	proxies: {}
	cookies: <RequestsCookieJar[]>
	client side SSL cert: None
	can't be used to disable SSL certificate checks: True
	additional URL query params: {}

2024-01-23 14:31:18,145 - WEBSCRAPER-REQUEST - INFO - SESSION REQUEST INITIALIZED:
	headers: {'user-agent': 'Mozilla/5.0 (Windows NT 4.0; WOW64) AppleWebKit/537.36 (KHTML, like Gecko) Chrome/37.0.2049.0 Safari/537.36', 'Accept-Encoding': 'gzip, deflate', 'Accept': '*/*', 'Connection': 'keep-alive'}
	proxies: {}
	cookies: <RequestsCookieJar[]>
	client side SSL cert: None
	can't be used to disable SSL certificate checks: True
	additional URL query params: {}

2024-01-23 14:31:18,817 - WEBSCRAPER-REQUEST - WARNING - Failed to connect to proxy None. 404 Client Error: NOT FOUND for url: https://pythonprogramming.net/parsememcparsefac/
2024-01-23 14:31:58,176 - WEBSCRAPER-REQUEST - INFO - SESSION REQUEST INITIALIZED:
	headers: {'user-agent': 'Mozilla/5.0 (X11; CrOS i686 4319.74.0) AppleWebKit/537.36 (KHTML, like Gecko) Chrome/29.0.1547.57 Safari/537.36', 'Accept-Encoding': 'gzip, deflate', 'Accept': '*/*', 'Connection': 'keep-alive'}
	proxies: {}
	cookies: <RequestsCookieJar[]>
	client side SSL cert: None
	can't be used to disable SSL certificate checks: True
	additional URL query params: {}

2024-01-23 14:31:58,845 - WEBSCRAPER-REQUEST - WARNING - Failed to connect to proxy None. 404 Client Error: NOT FOUND for url: https://pythonprogramming.net/parsememcparsefac/
2024-01-23 14:32:37,598 - WEBSCRAPER-REQUEST - INFO - SESSION REQUEST INITIALIZED:
	headers: {'user-agent': 'Mozilla/5.0 (Windows NT 6.1; WOW64) AppleWebKit/537.36 (KHTML, like Gecko) Chrome/41.0.2227.0 Safari/537.36', 'Accept-Encoding': 'gzip, deflate', 'Accept': '*/*', 'Connection': 'keep-alive'}
	proxies: {}
	cookies: <RequestsCookieJar[]>
	client side SSL cert: None
	can't be used to disable SSL certificate checks: True
	additional URL query params: {}

